<?xml version="1.0" encoding="UTF-8"?>
<testng-results ignored="0" total="1" passed="1" failed="0" skipped="0">
  <reporter-output>
  </reporter-output>
  <suite started-at="2023-11-05T09:36:57 IST" name="Default suite" finished-at="2023-11-05T09:37:18 IST" duration-ms="21080">
    <groups>
    </groups>
    <test started-at="2023-11-05T09:36:57 IST" name="Default test" finished-at="2023-11-05T09:37:18 IST" duration-ms="21080">
      <class name="FrameWork.new1.logs">
        <test-method signature="yeshuu()[pri:0, instance:FrameWork.new1.logs@f0da945]" started-at="2023-11-05T09:36:57 IST" name="yeshuu" finished-at="2023-11-05T09:37:18 IST" duration-ms="21013" status="PASS">
          <reporter-output>
          </reporter-output>
        </test-method> <!-- yeshuu -->
      </class> <!-- FrameWork.new1.logs -->
    </test> <!-- Default test -->
  </suite> <!-- Default suite -->
</testng-results>
